<?xml version="1.0" encoding="UTF-8"?>
<testng-results ignored="0" total="2" passed="2" failed="0" skipped="0">
  <reporter-output>
  </reporter-output>
  <suite started-at="2020-11-02T04:13:09Z" name="Suite" finished-at="2020-11-02T04:14:33Z" duration-ms="84518">
    <groups>
    </groups>
    <test started-at="2020-11-02T04:13:09Z" name="Test1" finished-at="2020-11-02T04:14:33Z" duration-ms="84518">
      <class name="testClass.TestUrbanLadder">
        <test-method signature="invokebrowser(java.lang.String)[pri:0, instance:testClass.TestUrbanLadder@3d6f0054]" started-at="2020-11-02T04:13:09Z" name="invokebrowser" finished-at="2020-11-02T04:13:16Z" duration-ms="7172" status="PASS">
          <params>
            <param index="0">
              <value>
                <![CDATA[chrome]]>
              </value>
            </param>
          </params>
          <reporter-output>
          </reporter-output>
        </test-method> <!-- invokebrowser -->
        <test-method signature="testing()[pri:1, instance:testClass.TestUrbanLadder@3d6f0054]" started-at="2020-11-02T04:13:16Z" name="testing" finished-at="2020-11-02T04:14:33Z" duration-ms="77298" status="PASS">
          <reporter-output>
          </reporter-output>
        </test-method> <!-- testing -->
        <test-method is-config="true" signature="close()[pri:0, instance:testClass.TestUrbanLadder@3d6f0054]" started-at="2020-11-02T04:14:33Z" name="close" finished-at="2020-11-02T04:14:34Z" duration-ms="608" status="PASS">
          <reporter-output>
          </reporter-output>
        </test-method> <!-- close -->
      </class> <!-- testClass.TestUrbanLadder -->
    </test> <!-- Test1 -->
  </suite> <!-- Suite -->
</testng-results>
